<?xml version="1.0" encoding="UTF-8"?>
<testsuite xmlns:xsi="http://www.w3.org/2001/XMLSchema-instance" xsi:noNamespaceSchemaLocation="https://maven.apache.org/surefire/maven-surefire-plugin/xsd/surefire-test-report-3.0.xsd" version="3.0" name="demo.ReqresTest" time="4.501" tests="6" errors="0" skipped="0" failures="0">
  <properties>
[...]
</properties>
  <testcase name="testCreateUser" classname="demo.ReqresTest" time="1.81">
    <system-err><![CDATA[SLF4J: Failed to load class "org.slf4j.impl.StaticLoggerBinder".
SLF4J: Defaulting to no-operation (NOP) logger implementation
SLF4J: See http://www.slf4j.org/codes.html#StaticLoggerBinder for further details.
]]></system-err>
  </testcase>
  <testcase name="testCreateUserWithEmptyBody" classname="demo.ReqresTest" time="0.358"/>
  <testcase name="testDeleteUser" classname="demo.ReqresTest" time="0.573"/>
  <testcase name="testDeleteUserNotFound" classname="demo.ReqresTest" time="0.509"/>
  <testcase name="testGetUserNotFound" classname="demo.ReqresTest" time="0.138"/>
  <testcase name="testGetUsers" classname="demo.ReqresTest" time="0.162"/>
</testsuite>