<?xml version="1.0" encoding="UTF-8"?>
<testng-results ignored="0" total="6" passed="6" failed="0" skipped="0">
  <reporter-output>
  </reporter-output>
  <suite started-at="2025-09-05T13:25:23 WIB" name="Surefire suite" finished-at="2025-09-05T13:25:27 WIB" duration-ms="3963">
    <groups>
    </groups>
    <test started-at="2025-09-05T13:25:23 WIB" name="Surefire test" finished-at="2025-09-05T13:25:27 WIB" duration-ms="3963">
      <class name="demo.ReqresTest">
        <test-method is-config="true" signature="setup()[pri:0, instance:demo.ReqresTest@6b19b79]" started-at="2025-09-05T13:25:23 WIB" name="setup" finished-at="2025-09-05T13:25:23 WIB" duration-ms="369" status="PASS">
          <reporter-output>
          </reporter-output>
        </test-method> <!-- setup -->
        <test-method signature="testCreateUser()[pri:0, instance:demo.ReqresTest@6b19b79]" started-at="2025-09-05T13:25:23 WIB" name="testCreateUser" finished-at="2025-09-05T13:25:25 WIB" duration-ms="1807" status="PASS">
          <reporter-output>
          </reporter-output>
        </test-method> <!-- testCreateUser -->
        <test-method signature="testCreateUserWithEmptyBody()[pri:0, instance:demo.ReqresTest@6b19b79]" started-at="2025-09-05T13:25:25 WIB" name="testCreateUserWithEmptyBody" finished-at="2025-09-05T13:25:25 WIB" duration-ms="361" status="PASS">
          <reporter-output>
          </reporter-output>
        </test-method> <!-- testCreateUserWithEmptyBody -->
        <test-method signature="testDeleteUser()[pri:0, instance:demo.ReqresTest@6b19b79]" started-at="2025-09-05T13:25:25 WIB" name="testDeleteUser" finished-at="2025-09-05T13:25:26 WIB" duration-ms="573" status="PASS">
          <reporter-output>
          </reporter-output>
        </test-method> <!-- testDeleteUser -->
        <test-method signature="testDeleteUserNotFound()[pri:0, instance:demo.ReqresTest@6b19b79]" started-at="2025-09-05T13:25:26 WIB" name="testDeleteUserNotFound" finished-at="2025-09-05T13:25:27 WIB" duration-ms="509" status="PASS">
          <reporter-output>
          </reporter-output>
        </test-method> <!-- testDeleteUserNotFound -->
        <test-method signature="testGetUserNotFound()[pri:0, instance:demo.ReqresTest@6b19b79]" started-at="2025-09-05T13:25:27 WIB" name="testGetUserNotFound" finished-at="2025-09-05T13:25:27 WIB" duration-ms="136" status="PASS">
          <reporter-output>
          </reporter-output>
        </test-method> <!-- testGetUserNotFound -->
        <test-method signature="testGetUsers()[pri:0, instance:demo.ReqresTest@6b19b79]" started-at="2025-09-05T13:25:27 WIB" name="testGetUsers" finished-at="2025-09-05T13:25:27 WIB" duration-ms="162" status="PASS">
          <reporter-output>
          </reporter-output>
        </test-method> <!-- testGetUsers -->
      </class> <!-- demo.ReqresTest -->
    </test> <!-- Surefire test -->
  </suite> <!-- Surefire suite -->
</testng-results>
