<?xml version="1.0" encoding="UTF-8"?>
<!-- Generated by org.testng.reporters.JUnitReportReporter -->
<testsuite hostname="LAPTOP-ME5I2HP2" failures="0" tests="6" name="demo.ReqresTest" time="3.548" errors="0" timestamp="2025-09-05T13:25:27 WIB" skipped="0">
  <testcase classname="demo.ReqresTest" name="testCreateUser" time="1.807"/>
  <testcase classname="demo.ReqresTest" name="testGetUserNotFound" time="0.136"/>
  <testcase classname="demo.ReqresTest" name="testCreateUserWithEmptyBody" time="0.361"/>
  <testcase classname="demo.ReqresTest" name="testDeleteUser" time="0.573"/>
  <testcase classname="demo.ReqresTest" name="testDeleteUserNotFound" time="0.509"/>
  <testcase classname="demo.ReqresTest" name="testGetUsers" time="0.162"/>
</testsuite> <!-- demo.ReqresTest -->
